<testsuite name="features.7_result.View Full Report" tests="1" errors="0" failures="0" skipped="0" time="2.388115" timestamp="2024-01-05T22:48:41.514484" hostname="Ammar-Qorni"><testcase classname="features.7_result.View Full Report" name="Successfully Checked Manuscript" status="passed" time="2.388115"><system-out>
<![CDATA[
@scenario.begin
  Scenario: Successfully Checked Manuscript
    Given I am on Report Checked Manuscript Page ... passed in 2.003s
    And I press View Full Report button ... passed in 0.384s
    Then I should be on Full Report Page ... passed in 0.001s

@scenario.end
--------------------------------------------------------------------------------
]]>
</system-out></testcase></testsuite>