<testsuite name="features.result.View Full Report" tests="1" errors="0" failures="0" skipped="0" time="3.714068" timestamp="2024-01-05T22:44:28.987852" hostname="Ammar-Qorni"><testcase classname="features.result.View Full Report" name="Successfully Checked Manuscript" status="passed" time="3.714068"><system-out>
<![CDATA[
@scenario.begin
  Scenario: Successfully Checked Manuscript
    Given I am on Report Checked Manuscript Page ... passed in 3.219s
    And I press View Full Report button ... passed in 0.477s
    Then I should be on Full Report Page ... passed in 0.018s

@scenario.end
--------------------------------------------------------------------------------
]]>
</system-out></testcase></testsuite>